[
  {
    "level": "INFO",
    "message": "android.ndkVersion from module build.gradle is not set"
  },
  {
    "level": "INFO",
    "message": "ndk.dir in local.properties is D:\\Android\\Old_NDKs\\android-ndk-r17c"
  },
  {
    "level": "INFO",
    "message": "ANDROID_NDK_HOME environment variable is not set"
  },
  {
    "level": "INFO",
    "message": "sdkFolder is D:\\Android\\Sdk"
  },
  {
    "level": "INFO",
    "message": "Considering D:\\Android\\Old_NDKs\\android-ndk-r17c by ndk.dir"
  },
  {
    "level": "INFO",
    "message": "Considering D:\\Android\\Sdk\\ndk-bundle in SDK ndk-bundle folder"
  },
  {
    "level": "INFO",
    "message": "Considering D:\\Android\\Sdk\\ndk\\16.1.4479499 in SDK ndk folder"
  },
  {
    "level": "INFO",
    "message": "Considering D:\\Android\\Sdk\\ndk\\17.2.4988734 in SDK ndk folder"
  },
  {
    "level": "INFO",
    "message": "Considering D:\\Android\\Sdk\\ndk\\18.1.5063045 in SDK ndk folder"
  },
  {
    "level": "INFO",
    "message": "Considering D:\\Android\\Sdk\\ndk\\19.2.5345600 in SDK ndk folder"
  },
  {
    "level": "INFO",
    "message": "Considering D:\\Android\\Sdk\\ndk\\20.0.5594570 in SDK ndk folder"
  },
  {
    "level": "INFO",
    "message": "Considering D:\\Android\\Sdk\\ndk\\20.1.5948944 in SDK ndk folder"
  },
  {
    "level": "INFO",
    "message": "Considering D:\\Android\\Sdk\\ndk\\21.0.6113669 in SDK ndk folder"
  },
  {
    "level": "INFO",
    "message": "Considering D:\\Android\\Sdk\\ndk\\21.1.6352462 in SDK ndk folder"
  },
  {
    "level": "INFO",
    "message": "Considering D:\\Android\\Sdk\\ndk\\21.2.6472646 in SDK ndk folder"
  },
  {
    "level": "INFO",
    "message": "Considering D:\\Android\\Sdk\\ndk\\21.3.6528147 in SDK ndk folder"
  },
  {
    "level": "INFO",
    "message": "Considering D:\\Android\\Sdk\\ndk\\22.0.7026061 in SDK ndk folder"
  },
  {
    "level": "INFO",
    "message": "Rejected D:\\Android\\Sdk\\ndk-bundle in SDK ndk-bundle folder because that location has no source.properties"
  },
  {
    "level": "INFO",
    "message": "Found requested ndk.dir (D:\\Android\\Old_NDKs\\android-ndk-r17c) which has version 17.2.4988734"
  }
]